\BOOKMARK [1][-]{section.1}{Introduction}{}% 1
\BOOKMARK [1][-]{section.2}{Protein Structure Prediction}{}% 2
\BOOKMARK [2][-]{subsection.2.1}{The HP Model}{section.2}% 3
\BOOKMARK [1][-]{section.3}{Background}{}% 4
\BOOKMARK [2][-]{subsection.3.1}{Hyper-Heuristics}{section.3}% 5
\BOOKMARK [2][-]{subsection.3.2}{Genetic Programming \(GP\)}{section.3}% 6
\BOOKMARK [1][-]{section.4}{GEHyPSP}{}% 7
\BOOKMARK [2][-]{subsection.4.1}{Fitness Function to evaluate the High Level Heuristics}{section.4}% 8
\BOOKMARK [2][-]{subsection.4.2}{Stopping Criterion}{section.4}% 9
\BOOKMARK [2][-]{subsection.4.3}{Low Level Heuristics}{section.4}% 10
\BOOKMARK [3][-]{subsubsection.4.3.1}{Representation of the problem}{subsection.4.3}% 11
\BOOKMARK [3][-]{subsubsection.4.3.2}{Low Level Heuristics Set}{subsection.4.3}% 12
\BOOKMARK [3][-]{subsubsection.4.3.3}{Backtrack Repair}{subsection.4.3}% 13
\BOOKMARK [3][-]{subsubsection.4.3.4}{Memory Mechanism}{subsection.4.3}% 14
\BOOKMARK [1][-]{section.5}{Experiments}{}% 15
\BOOKMARK [2][-]{subsection.5.1}{Results from GEHyPSP-1}{section.5}% 16
\BOOKMARK [2][-]{subsection.5.2}{Results from GEHyPSP-2}{section.5}% 17
\BOOKMARK [2][-]{subsection.5.3}{Results from GEHyPSP-3}{section.5}% 18
\BOOKMARK [2][-]{subsection.5.4}{Comparison with a state-of-art hyper-heuristic}{section.5}% 19
\BOOKMARK [2][-]{subsection.5.5}{Discussion}{section.5}% 20
\BOOKMARK [1][-]{section.6}{Conclusion}{}% 21
\BOOKMARK [1][-]{section*.2}{References}{}% 22
